[    0.000000] Initializing cgroup subsys cpuset
[    0.000000] Initializing cgroup subsys cpu
[    0.000000] Initializing cgroup subsys cpuacct
[    0.000000] Linux version 4.4.0-210-generic (buildd@lgw01-amd64-009) (gcc version 5.4.0 20160609 (Ubuntu 5.4.0-6ubuntu1~16.04.12) ) #242-Ubuntu SMP Fri Apr 16 09:57:56 UTC 2021 (Ubuntu 4.4.0-210.242-generic 4.4.262)
[    0.000000] Command line: BOOT_IMAGE=/boot/vmlinuz-4.4.0-210-generic root=LABEL=cloudimg-rootfs ro console=tty1 console=ttyS0
[    0.000000] KERNEL supported cpus:
[    0.000000]   Intel GenuineIntel
[    0.000000]   AMD AuthenticAMD
[    0.000000]   Centaur CentaurHauls
[    0.000000] x86/fpu: xstate_offset[2]:  576, xstate_sizes[2]:  256
[    0.000000] x86/fpu: Supporting XSAVE feature 0x01: 'x87 floating point registers'
[    0.000000] x86/fpu: Supporting XSAVE feature 0x02: 'SSE registers'
[    0.000000] x86/fpu: Supporting XSAVE feature 0x04: 'AVX registers'
[    0.000000] x86/fpu: Enabled xstate features 0x7, context size is 832 bytes, using 'standard' format.
[    0.000000] e820: BIOS-provided physical RAM map:
[    0.000000] BIOS-e820: [mem 0x0000000000000000-0x000000000009fbff] usable
[    0.000000] BIOS-e820: [mem 0x000000000009fc00-0x000000000009ffff] reserved
[    0.000000] BIOS-e820: [mem 0x00000000000f0000-0x00000000000fffff] reserved
[    0.000000] BIOS-e820: [mem 0x0000000000100000-0x000000003ffeffff] usable
[    0.000000] BIOS-e820: [mem 0x000000003fff0000-0x000000003fffffff] ACPI data
[    0.000000] BIOS-e820: [mem 0x00000000fec00000-0x00000000fec00fff] reserved
[    0.000000] BIOS-e820: [mem 0x00000000fee00000-0x00000000fee00fff] reserved
[    0.000000] BIOS-e820: [mem 0x00000000fffc0000-0x00000000ffffffff] reserved
[    0.000000] NX (Execute Disable) protection: active
[    0.000000] SMBIOS 2.5 present.
[    0.000000] Hypervisor detected: KVM
[    0.000000] Kernel/User page tables isolation: disabled
[    0.000000] e820: last_pfn = 0x3fff0 max_arch_pfn = 0x400000000
[    0.000000] MTRR: Disabled
[    0.000000] x86/PAT: MTRRs disabled, skipping PAT initialization too.
[    0.000000] CPU MTRRs all blank - virtualized system.
[    0.000000] x86/PAT: Configuration [0-7]: WB  WT  UC- UC  WB  WT  UC- UC  
[    0.000000] found SMP MP-table at [mem 0x0009fff0-0x0009ffff] mapped at [ffff88000009fff0]
[    0.000000] Scanning 1 areas for low memory corruption
[    0.000000] RAMDISK: [mem 0x362dc000-0x37165fff]
[    0.000000] ACPI: Early table checksum verification disabled
[    0.000000] ACPI: RSDP 0x00000000000E0000 000024 (v02 VBOX  )
[    0.000000] ACPI: XSDT 0x000000003FFF0030 00003C (v01 VBOX   VBOXXSDT 00000001 ASL  00000061)
[    0.000000] ACPI: FACP 0x000000003FFF00F0 0000F4 (v04 VBOX   VBOXFACP 00000001 ASL  00000061)
[    0.000000] ACPI: DSDT 0x000000003FFF0470 002325 (v02 VBOX   VBOXBIOS 00000002 INTL 20100528)
[    0.000000] ACPI: FACS 0x000000003FFF0200 000040
[    0.000000] ACPI: FACS 0x000000003FFF0200 000040
[    0.000000] ACPI: APIC 0x000000003FFF0240 000054 (v02 VBOX   VBOXAPIC 00000001 ASL  00000061)
[    0.000000] ACPI: SSDT 0x000000003FFF02A0 0001CC (v01 VBOX   VBOXCPUT 00000002 INTL 20100528)
[    0.000000] No NUMA configuration found
[    0.000000] Faking a node at [mem 0x0000000000000000-0x000000003ffeffff]
[    0.000000] NODE_DATA(0) allocated [mem 0x3ffeb000-0x3ffeffff]
[    0.000000] kvm-clock: Using msrs 4b564d01 and 4b564d00
[    0.000000] kvm-clock: cpu 0, msr 0:3ffe3001, primary cpu clock
[    0.000000] kvm-clock: using sched offset of 4277955044 cycles
[    0.000000] clocksource: kvm-clock: mask: 0xffffffffffffffff max_cycles: 0x1cd42e4dffb, max_idle_ns: 881590591483 ns
[    0.000000] Zone ranges:
[    0.000000]   DMA      [mem 0x0000000000001000-0x0000000000ffffff]
[    0.000000]   DMA32    [mem 0x0000000001000000-0x000000003ffeffff]
[    0.000000]   Normal   empty
[    0.000000]   Device   empty
[    0.000000] Movable zone start for each node
[    0.000000] Early memory node ranges
[    0.000000]   node   0: [mem 0x0000000000001000-0x000000000009efff]
[    0.000000]   node   0: [mem 0x0000000000100000-0x000000003ffeffff]
[    0.000000] Initmem setup node 0 [mem 0x0000000000001000-0x000000003ffeffff]
[    0.000000] ACPI: PM-Timer IO Port: 0x4008
[    0.000000] IOAPIC[0]: apic_id 1, version 32, address 0xfec00000, GSI 0-23
[    0.000000] ACPI: INT_SRC_OVR (bus 0 bus_irq 0 global_irq 2 dfl dfl)
[    0.000000] ACPI: INT_SRC_OVR (bus 0 bus_irq 9 global_irq 9 low level)
[    0.000000] Using ACPI (MADT) for SMP configuration information
[    0.000000] smpboot: Allowing 1 CPUs, 0 hotplug CPUs
[    0.000000] PM: Registered nosave memory: [mem 0x00000000-0x00000fff]
[    0.000000] PM: Registered nosave memory: [mem 0x0009f000-0x0009ffff]
[    0.000000] PM: Registered nosave memory: [mem 0x000a0000-0x000effff]
[    0.000000] PM: Registered nosave memory: [mem 0x000f0000-0x000fffff]
[    0.000000] e820: [mem 0x40000000-0xfebfffff] available for PCI devices
[    0.000000] Booting paravirtualized kernel on KVM
[    0.000000] clocksource: refined-jiffies: mask: 0xffffffff max_cycles: 0xffffffff, max_idle_ns: 7645519600211568 ns
[    0.000000] setup_percpu: NR_CPUS:512 nr_cpumask_bits:512 nr_cpu_ids:1 nr_node_ids:1
[    0.000000] PERCPU: Embedded 33 pages/cpu @ffff88003fc00000 s95192 r8192 d31784 u2097152
[    0.000000] Built 1 zonelists in Node order, mobility grouping on.  Total pages: 257912
[    0.000000] Policy zone: DMA32
[    0.000000] Kernel command line: BOOT_IMAGE=/boot/vmlinuz-4.4.0-210-generic root=LABEL=cloudimg-rootfs ro console=tty1 console=ttyS0
[    0.000000] PID hash table entries: 4096 (order: 3, 32768 bytes)
[    0.000000] Memory: 997924K/1048120K available (8644K kernel code, 1332K rwdata, 4044K rodata, 1492K init, 1164K bss, 50196K reserved, 0K cma-reserved)
[    0.000000] SLUB: HWalign=64, Order=0-3, MinObjects=0, CPUs=1, Nodes=1
[    0.000000] Hierarchical RCU implementation.
[    0.000000] 	Build-time adjustment of leaf fanout to 64.
[    0.000000] 	RCU restricting CPUs from NR_CPUS=512 to nr_cpu_ids=1.
[    0.000000] RCU: Adjusting geometry for rcu_fanout_leaf=64, nr_cpu_ids=1
[    0.000000] NR_IRQS:33024 nr_irqs:256 16
[    0.000000] Console: colour VGA+ 80x25
[    0.000000] console [tty1] enabled
[    0.000000] console [ttyS0] enabled
[    0.000000] tsc: Detected 1190.390 MHz processor
[    0.198751] Calibrating delay loop (skipped) preset value.. 2380.78 BogoMIPS (lpj=4761560)
[    0.200779] pid_max: default: 32768 minimum: 301
[    0.201972] ACPI: Core revision 20150930
[    0.203661] ACPI: 2 ACPI AML tables successfully acquired and loaded
[    0.205184] Security Framework initialized
[    0.206324] Yama: becoming mindful.
[    0.207133] AppArmor: AppArmor initialized
[    0.207992] Dentry cache hash table entries: 131072 (order: 8, 1048576 bytes)
[    0.209390] Inode-cache hash table entries: 65536 (order: 7, 524288 bytes)
[    0.217930] Mount-cache hash table entries: 2048 (order: 2, 16384 bytes)
[    0.219599] Mountpoint-cache hash table entries: 2048 (order: 2, 16384 bytes)
[    0.221081] Initializing cgroup subsys io
[    0.221963] Initializing cgroup subsys memory
[    0.223007] Initializing cgroup subsys devices
[    0.224000] Initializing cgroup subsys freezer
[    0.225082] Initializing cgroup subsys net_cls
[    0.226138] Initializing cgroup subsys perf_event
[    0.227344] Initializing cgroup subsys net_prio
[    0.228347] Initializing cgroup subsys hugetlb
[    0.229295] Initializing cgroup subsys pids
[    0.235645] mce: CPU supports 0 MCE banks
[    0.237160] process: using mwait in idle threads
[    0.238144] Last level iTLB entries: 4KB 0, 2MB 0, 4MB 0
[    0.239805] Last level dTLB entries: 4KB 0, 2MB 0, 4MB 0, 1GB 0
[    0.241326] Spectre V1 : Mitigation: usercopy/swapgs barriers and __user pointer sanitization
[    0.243609] Spectre V2 : Mitigation: Full generic retpoline
[    0.244698] Spectre V2 : Spectre v2 / SpectreRSB mitigation: Filling RSB on context switch
[    0.246588] Speculative Store Bypass: Vulnerable
[    0.281631] Freeing SMP alternatives memory: 36K
[    0.290775] ftrace: allocating 32380 entries in 127 pages
[    0.391319] smpboot: APIC(0) Converting physical 0 to logical package 0
[    0.393920] smpboot: Max logical packages: 1
[    0.396965] x2apic enabled
[    0.397847] Switched APIC routing to physical x2apic.
[    0.402033] ..TIMER: vector=0x30 apic1=0 pin1=2 apic2=-1 pin2=-1
[    0.511818] smpboot: CPU0: Intel(R) Core(TM) i5-1035G1 CPU @ 1.00GHz (family: 0x6, model: 0x7e, stepping: 0x5)
[    0.516334] Performance Events: unsupported p6 CPU model 126 no PMU driver, software events only.
[    0.532057] KVM setup paravirtual spinlock
[    0.535387] x86: Booted up 1 node, 1 CPUs
[    0.537995] smpboot: Total of 1 processors activated (2380.78 BogoMIPS)
[    0.541162] devtmpfs: initialized
[    0.543089] evm: security.selinux
[    0.543925] evm: security.SMACK64
[    0.544701] evm: security.SMACK64EXEC
[    0.545602] evm: security.SMACK64TRANSMUTE
[    0.546825] evm: security.SMACK64MMAP
[    0.547732] evm: security.ima
[    0.548407] evm: security.capability
[    0.549298] clocksource: jiffies: mask: 0xffffffff max_cycles: 0xffffffff, max_idle_ns: 7645041785100000 ns
[    0.552744] futex hash table entries: 256 (order: 2, 16384 bytes)
[    0.554746] pinctrl core: initialized pinctrl subsystem
[    0.556778] RTC time: 13:29:42, date: 11/13/22
[    0.557888] NET: Registered protocol family 16
[    0.558859] cpuidle: using governor ladder
[    0.559980] cpuidle: using governor menu
[    0.561166] PCCT header not found.
[    0.562337] ACPI: bus type PCI registered
[    0.563185] acpiphp: ACPI Hot Plug PCI Controller Driver version: 0.5
[    0.564449] PCI: Using configuration type 1 for base access
[    0.571961] ACPI: Added _OSI(Module Device)
[    0.573562] ACPI: Added _OSI(Processor Device)
[    0.575354] ACPI: Added _OSI(3.0 _SCP Extensions)
[    0.577280] ACPI: Added _OSI(Processor Aggregator Device)
[    0.578964] ACPI: Executed 1 blocks of module-level executable AML code
[    0.583544] ACPI: Interpreter enabled
[    0.584735] ACPI: (supports S0 S5)
[    0.586160] ACPI: Using IOAPIC for interrupt routing
[    0.587938] PCI: Using host bridge windows from ACPI; if necessary, use "pci=nocrs" and report a bug
[    0.595658] ACPI: PCI Root Bridge [PCI0] (domain 0000 [bus 00-ff])
[    0.598370] acpi PNP0A03:00: _OSC: OS supports [ASPM ClockPM Segments MSI]
[    0.600193] acpi PNP0A03:00: _OSC: not requesting OS control; OS requires [ExtendedConfig ASPM ClockPM MSI]
[    0.603150] acpi PNP0A03:00: fail to add MMCONFIG information, can't access extended PCI configuration space under this bridge.
[    0.605591] PCI host bridge to bus 0000:00
[    0.606553] pci_bus 0000:00: root bus resource [io  0x0000-0x0cf7 window]
[    0.607809] pci_bus 0000:00: root bus resource [io  0x0d00-0xffff window]
[    0.609858] pci_bus 0000:00: root bus resource [mem 0x000a0000-0x000bffff window]
[    0.612244] pci_bus 0000:00: root bus resource [mem 0x40000000-0xfdffffff window]
[    0.614843] pci_bus 0000:00: root bus resource [bus 00-ff]
[    0.619326] pci 0000:00:01.1: legacy IDE quirk: reg 0x10: [io  0x01f0-0x01f7]
[    0.620989] pci 0000:00:01.1: legacy IDE quirk: reg 0x14: [io  0x03f6]
[    0.622786] pci 0000:00:01.1: legacy IDE quirk: reg 0x18: [io  0x0170-0x0177]
[    0.624208] pci 0000:00:01.1: legacy IDE quirk: reg 0x1c: [io  0x0376]
[    0.644505] pci 0000:00:07.0: quirk: [io  0x4000-0x403f] claimed by PIIX4 ACPI
[    0.659436] pci 0000:00:07.0: quirk: [io  0x4100-0x410f] claimed by PIIX4 SMB
[    0.671196] ACPI: PCI Interrupt Link [LNKA] (IRQs 5 9 10 *11)
[    0.676020] ACPI: PCI Interrupt Link [LNKB] (IRQs 5 9 *10 11)
[    0.679788] ACPI: PCI Interrupt Link [LNKC] (IRQs 5 *9 10 11)
[    0.681930] ACPI: PCI Interrupt Link [LNKD] (IRQs 5 9 10 *11)
[    0.684302] ACPI: Enabled 2 GPEs in block 00 to 07
[    0.686069] vgaarb: setting as boot device: PCI:0000:00:02.0
[    0.686969] vgaarb: device added: PCI:0000:00:02.0,decodes=io+mem,owns=io+mem,locks=none
[    0.688837] vgaarb: loaded
[    0.689447] vgaarb: bridge control possible 0000:00:02.0
[    0.690529] SCSI subsystem initialized
[    0.691679] ACPI: bus type USB registered
[    0.692702] usbcore: registered new interface driver usbfs
[    0.694274] usbcore: registered new interface driver hub
[    0.696706] usbcore: registered new device driver usb
[    0.698168] PCI: Using ACPI for IRQ routing
[    0.699937] NetLabel: Initializing
[    0.700750] NetLabel:  domain hash size = 128
[    0.701919] NetLabel:  protocols = UNLABELED CIPSOv4
[    0.703183] NetLabel:  unlabeled traffic allowed by default
[    0.704295] amd_nb: Cannot enumerate AMD northbridges
[    0.705297] clocksource: Switched to clocksource kvm-clock
[    0.723007] AppArmor: AppArmor Filesystem Enabled
[    0.724107] pnp: PnP ACPI init
[    0.725676] pnp: PnP ACPI: found 3 devices
[    0.732974] clocksource: acpi_pm: mask: 0xffffff max_cycles: 0xffffff, max_idle_ns: 2085701024 ns
[    0.737778] NET: Registered protocol family 2
[    0.739346] TCP established hash table entries: 8192 (order: 4, 65536 bytes)
[    0.741246] TCP bind hash table entries: 8192 (order: 5, 131072 bytes)
[    0.742664] TCP: Hash tables configured (established 8192 bind 8192)
[    0.744081] UDP hash table entries: 512 (order: 2, 16384 bytes)
[    0.745334] UDP-Lite hash table entries: 512 (order: 2, 16384 bytes)
[    0.746833] NET: Registered protocol family 1
[    0.748396] pci 0000:00:00.0: Limiting direct PCI/PCI transfers
[    0.750175] pci 0000:00:01.0: Activating ISA DMA hang workarounds
[    0.752222] Unpacking initramfs...
[    1.089842] Freeing initrd memory: 14888K
[    1.091182] clocksource: tsc: mask: 0xffffffffffffffff max_cycles: 0x1128a573bb3, max_idle_ns: 440795203392 ns
[    1.095795] platform rtc_cmos: registered platform RTC device (no PNP device found)
[    1.098342] Scanning for low memory corruption every 60 seconds
[    1.099774] audit: initializing netlink subsys (disabled)
[    1.100964] audit: type=2000 audit(1668346188.976:1): initialized
[    1.102566] Initialise system trusted keyring
[    1.103575] HugeTLB registered 2 MB page size, pre-allocated 0 pages
[    1.105723] zbud: loaded
[    1.106806] VFS: Disk quotas dquot_6.6.0
[    1.107810] VFS: Dquot-cache hash table entries: 512 (order 0, 4096 bytes)
[    1.109241] squashfs: version 4.0 (2009/01/31) Phillip Lougher
[    1.111127] fuse init (API version 7.23)
[    1.112400] Key type big_key registered
[    1.113554] Allocating IMA MOK and blacklist keyrings.
[    1.115782] Key type asymmetric registered
[    1.117345] Asymmetric key parser 'x509' registered
[    1.118390] Block layer SCSI generic (bsg) driver version 0.4 loaded (major 249)
[    1.119957] io scheduler noop registered
[    1.120803] io scheduler deadline registered (default)
[    1.121798] io scheduler cfq registered
[    1.122741] pci_hotplug: PCI Hot Plug PCI Core version: 0.5
[    1.123960] pciehp: PCI Express Hot Plug Controller Driver version: 0.4
[    1.125433] ACPI: AC Adapter [AC] (off-line)
[    1.126283] input: Power Button as /devices/LNXSYSTM:00/LNXPWRBN:00/input/input0
[    1.127707] ACPI: Power Button [PWRF]
[    1.128518] input: Sleep Button as /devices/LNXSYSTM:00/LNXSLPBN:00/input/input1
[    1.130281] ACPI: Sleep Button [SLPF]
[    1.131903] ACPI: Battery Slot [BAT0] (battery present)
[    1.133271] GHES: HEST is not enabled!
[    1.134207] Serial: 8250/16550 driver, 32 ports, IRQ sharing enabled
[    1.156993] 00:02: ttyS0 at I/O 0x3f8 (irq = 4, base_baud = 115200) is a 16550A
[    1.160594] Linux agpgart interface v0.103
[    1.166313] loop: module loaded
[    1.167909] scsi host0: ata_piix
[    1.168644] scsi host1: ata_piix
[    1.169345] ata1: PATA max UDMA/33 cmd 0x1f0 ctl 0x3f6 bmdma 0xd000 irq 14
[    1.171350] ata2: PATA max UDMA/33 cmd 0x170 ctl 0x376 bmdma 0xd008 irq 15
[    1.173414] libphy: Fixed MDIO Bus: probed
[    1.174581] tun: Universal TUN/TAP device driver, 1.6
[    1.176504] tun: (C) 1999-2004 Max Krasnyansky <maxk@qualcomm.com>
[    1.178139] PPP generic driver version 2.4.2
[    1.179230] ehci_hcd: USB 2.0 'Enhanced' Host Controller (EHCI) Driver
[    1.180536] ehci-pci: EHCI PCI platform driver
[    1.181437] ehci-platform: EHCI generic platform driver
[    1.182478] ohci_hcd: USB 1.1 'Open' Host Controller (OHCI) Driver
[    1.183907] ohci-pci: OHCI PCI platform driver
[    1.184797] ohci-platform: OHCI generic platform driver
[    1.186378] uhci_hcd: USB Universal Host Controller Interface driver
[    1.187705] i8042: PNP: PS/2 Controller [PNP0303:PS2K,PNP0f03:PS2M] at 0x60,0x64 irq 1,12
[    1.189769] serio: i8042 KBD port at 0x60,0x64 irq 1
[    1.191108] serio: i8042 AUX port at 0x60,0x64 irq 12
[    1.192400] mousedev: PS/2 mouse device common for all mice
[    1.193933] input: AT Translated Set 2 keyboard as /devices/platform/i8042/serio0/input/input2
[    1.197050] rtc_cmos rtc_cmos: rtc core: registered rtc_cmos as rtc0
[    1.199027] rtc_cmos rtc_cmos: alarms up to one day, 114 bytes nvram
[    1.200463] i2c /dev entries driver
[    1.201364] device-mapper: uevent: version 1.0.3
[    1.202407] device-mapper: ioctl: 4.34.0-ioctl (2015-10-28) initialised: dm-devel@redhat.com
[    1.204087] ledtrig-cpu: registered to indicate activity on CPUs
[    1.205412] NET: Registered protocol family 10
[    1.206653] NET: Registered protocol family 17
[    1.207910] Key type dns_resolver registered
[    1.209448] registered taskstats version 1
[    1.210646] Loading compiled-in X.509 certificates
[    1.212554] Loaded X.509 cert 'Build time autogenerated kernel key: cf00e047681d67edb2720680708b7d9498083038'
[    1.216423] zswap: loaded using pool lzo/zbud
[    1.219619] Key type trusted registered
[    1.222576] Key type encrypted registered
[    1.223483] AppArmor: AppArmor sha1 policy hashing enabled
[    1.224549] ima: No TPM chip found, activating TPM-bypass!
[    1.225792] ima: Allocated hash algorithm: sha1
[    1.226699] evm: HMAC attrs: 0x1
[    1.227951]   Magic number: 14:312:483
[    1.228782] rtc_cmos rtc_cmos: setting system clock to 2022-11-13 13:29:43 UTC (1668346183)
[    1.231024] BIOS EDD facility v0.16 2004-Jun-25, 0 devices found
[    1.232157] EDD information not available.
[    1.355409] Freeing unused kernel memory: 1492K
[    1.357329] Write protecting the kernel read-only data: 14336k
[    1.359512] Freeing unused kernel memory: 1584K
[    1.360863] Freeing unused kernel memory: 52K
Loading, please wait...
starting version 229
[    1.371910] random: udevadm: uninitialized urandom read (16 bytes read, 3 bits of entropy available)
[    1.375023] random: systemd-udevd: uninitialized urandom read (16 bytes read, 3 bits of entropy available)
[    1.380091] random: udevadm: uninitialized urandom read (16 bytes read, 3 bits of entropy available)
[    1.382597] random: systemd-udevd: uninitialized urandom read (16 bytes read, 3 bits of entropy available)
[    1.384658] random: systemd-udevd: uninitialized urandom read (16 bytes read, 3 bits of entropy available)
[    1.389378] random: systemd-udevd: uninitialized urandom read (16 bytes read, 3 bits of entropy available)
[    1.397522] random: systemd-udevd: uninitialized urandom read (16 bytes read, 3 bits of entropy available)
[    1.399664] random: systemd-udevd: uninitialized urandom read (16 bytes read, 3 bits of entropy available)
[    1.401729] random: systemd-udevd: uninitialized urandom read (16 bytes read, 3 bits of entropy available)
[    1.406415] random: udevadm: uninitialized urandom read (16 bytes read, 3 bits of entropy available)
[    1.502091] e1000: Intel(R) PRO/1000 Network Driver - version 7.3.21-k8-NAPI
[    1.503823] e1000: Copyright (c) 1999-2006 Intel Corporation.
[    1.509437] Fusion MPT base driver 3.04.20
[    1.510671] Copyright (c) 1999-2008 LSI Corporation
[    1.529308] Fusion MPT SPI Host driver 3.04.20
[    1.566614] AVX2 version of gcm_enc/dec engaged.
[    1.567883] AES CTR mode by8 optimization enabled
[    1.730077] input: ImExPS/2 Generic Explorer Mouse as /devices/platform/i8042/serio1/input/input4
[    1.947486] e1000 0000:00:03.0 eth0: (PCI:33MHz:32-bit) 02:be:82:6b:cc:1d
[    1.949071] e1000 0000:00:03.0 eth0: Intel(R) PRO/1000 Network Connection
[    1.951538] mptbase: ioc0: Initiating bringup
[    2.014519] ioc0: LSI53C1030 A0: Capabilities={Initiator}
[    2.183841] scsi host2: ioc0: LSI53C1030 A0, FwRev=00000000h, Ports=1, MaxQ=256, IRQ=20
[    2.301206] scsi 2:0:0:0: Direct-Access     VBOX     HARDDISK         1.0  PQ: 0 ANSI: 5
[    2.304018] scsi target2:0:0: Beginning Domain Validation
[    2.309150] scsi target2:0:0: Domain Validation skipping write tests
[    2.310668] scsi target2:0:0: Ending Domain Validation
[    2.312388] scsi target2:0:0: asynchronous
[    2.315168] scsi 2:0:1:0: Direct-Access     VBOX     HARDDISK         1.0  PQ: 0 ANSI: 5
[    2.317161] scsi target2:0:1: Beginning Domain Validation
[    2.322004] scsi target2:0:1: Domain Validation skipping write tests
[    2.323368] scsi target2:0:1: Ending Domain Validation
[    2.324599] scsi target2:0:1: asynchronous
[    2.462202] sd 2:0:0:0: Attached scsi generic sg0 type 0
[    2.463637] sd 2:0:0:0: [sda] 83886080 512-byte logical blocks: (42.9 GB/40.0 GiB)
[    2.477827] sd 2:0:1:0: Attached scsi generic sg1 type 0
[    2.479997] sd 2:0:1:0: [sdb] 20480 512-byte logical blocks: (10.5 MB/10.0 MiB)
[    2.499391] sd 2:0:1:0: [sdb] Write Protect is off
[    2.505963] sd 2:0:1:0: [sdb] Incomplete mode parameter data
[    2.507182] sd 2:0:1:0: [sdb] Assuming drive cache: write through
[    2.513064] sd 2:0:0:0: [sda] Write Protect is off
[    2.520088] sd 2:0:0:0: [sda] Incomplete mode parameter data
[    2.521359] sd 2:0:0:0: [sda] Assuming drive cache: write through
[    2.585272]  sda: sda1
[    2.591695] sd 2:0:0:0: [sda] Attached SCSI disk
[    2.593428] sd 2:0:1:0: [sdb] Attached SCSI disk
[    2.747242] e1000 0000:00:08.0 eth1: (PCI:33MHz:32-bit) 08:00:27:ac:44:9c
[    2.749722] e1000 0000:00:08.0 eth1: Intel(R) PRO/1000 Network Connection
[    2.754051] e1000 0000:00:08.0 enp0s8: renamed from eth1
[    2.758606] e1000 0000:00:03.0 enp0s3: renamed from eth0
Begin: Loading essential drivers ... [    4.091547] md: linear personality registered for level -1
[    4.098353] md: multipath personality registered for level -4
[    4.102727] md: raid0 personality registered for level 0
[    4.111076] md: raid1 personality registered for level 1
[    4.185385] raid6: sse2x1   gen()  9285 MB/s
[    4.253400] raid6: sse2x1   xor()  6799 MB/s
[    4.321512] raid6: sse2x2   gen() 13294 MB/s
[    4.389427] raid6: sse2x2   xor()  9632 MB/s
[    4.457469] raid6: sse2x4   gen() 13646 MB/s
[    4.525425] raid6: sse2x4   xor()  8412 MB/s
[    4.593405] raid6: avx2x1   gen() 17069 MB/s
[    4.661385] raid6: avx2x2   gen() 20951 MB/s
[    4.729405] raid6: avx2x4   gen() 21859 MB/s
[    4.730552] raid6: using algorithm avx2x4 gen() 21859 MB/s
[    4.731924] raid6: using avx2x2 recovery algorithm
[    4.737134] xor: automatically using best checksumming function:
[    4.777461]    avx       : 17367.000 MB/sec
[    4.782562] async_tx: api initialized (async)
[    4.802214] md: raid6 personality registered for level 6
[    4.803415] md: raid5 personality registered for level 5
[    4.804502] md: raid4 personality registered for level 4
[    4.811240] md: raid10 personality registered for level 10
done.
Begin: Running /scripts/init-premount ... done.
Begin: Mounting root file system ... Begin: Running /scripts/local-top ... done.
Begin: Running /scripts/local-premount ... [    4.850947] Btrfs loaded
Scanning for Btrfs filesystems
done.
Warning: fsck not present, so skipping root file system
[    4.921529] EXT4-fs (sda1): mounted filesystem with ordered data mode. Opts: (null)
done.
Begin: Running /scripts/local-bottom ... done.
Begin: Running /scripts/init-bottom ... done.
[    5.071534] systemd[1]: systemd 229 running in system mode. (+PAM +AUDIT +SELINUX +IMA +APPARMOR +SMACK +SYSVINIT +UTMP +LIBCRYPTSETUP +GCRYPT +GNUTLS +ACL +XZ -LZ4 +SECCOMP +BLKID +ELFUTILS +KMOD -IDN)
[    5.078839] systemd[1]: Detected virtualization oracle.
[    5.079948] systemd[1]: Detected architecture x86-64.

Welcome to [1mUbuntu 16.04.7 LTS[0m!

[    5.085028] systemd[1]: Set hostname to <k8s-worker2>.
[    5.718501] systemd[1]: Listening on Journal Socket (/dev/log).
[[0;32m  OK  [0m] Listening on Journal Socket (/dev/log).
[    5.721670] systemd[1]: Started Trigger resolvconf update for networkd DNS.
[[0;32m  OK  [0m] Started Trigger resolvconf update for networkd DNS.
[    5.730126] systemd[1]: Started Forward Password Requests to Wall Directory Watch.
[[0;32m  OK  [0m] Started Forward Password Requests to Wall Directory Watch.
[    5.736657] systemd[1]: Created slice User and Session Slice.
[[0;32m  OK  [0m] Created slice User and Session Slice.
[    5.746214] systemd[1]: Reached target User and Group Name Lookups.
[[0;32m  OK  [0m] Reached target User and Group Name Lookups.
[    5.754090] systemd[1]: Listening on udev Control Socket.
[[0;32m  OK  [0m] Listening on udev Control Socket.
[    5.766396] systemd[1]: Set up automount Arbitrary Executable File Formats File System Automount Point.
[[0;32m  OK  [0m] Set up automount Arbitrary Executab...ats File System Automount Point.
[    5.778346] systemd[1]: Listening on Journal Audit Socket.
[[0;32m  OK  [0m] Listening on Journal Audit Socket.
[    5.790589] systemd[1]: Listening on Syslog Socket.
[[0;32m  OK  [0m] Listening on Syslog Socket.
[    5.802122] systemd[1]: Listening on Journal Socket.
[[0;32m  OK  [0m] Listening on Journal Socket.
[    5.809904] systemd[1]: Reached target Swap.
[[0;32m  OK  [0m] Reached target Swap.
[    5.811893] systemd[1]: Listening on Device-mapper event daemon FIFOs.
[[0;32m  OK  [0m] Listening on Device-mapper event daemon FIFOs.
[    5.815209] systemd[1]: Created slice System Slice.
[[0;32m  OK  [0m] Created slice System Slice.
[    5.830147] systemd[1]: Starting Load Kernel Modules...
         Starting Load Kernel Modules...
[    5.835103] systemd[1]: Mounting Debug File System...
         Mounting Debug File System...
[    5.838642] systemd[1]: Mounting Huge Pages File System...
         Mounting Huge Pages File System...
[    5.842283] systemd[1]: Starting Create list of required static device nodes for the current kernel...
         Starting Create list of required st... nodes for the current kernel...
[    5.846260] systemd[1]: Starting Set console keymap...
         Starting Set console keymap...
[    5.848691] systemd[1]: Starting Uncomplicated firewall...
         Starting Uncomplicated firewall...
[    5.853898] systemd[1]: Reached target Slices.
[[0;32m  OK  [0m] Reached target Slices.
[    5.864045] systemd[1]: Mounting POSIX Message Queue File System...
         Mounting POSIX Message Queue File System...
[    5.866425] systemd[1]: Listening on LVM2 metadata daemon socket.
[[0;32m  OK  [0m] Listening on LVM2 metadata daemon socket.
[    5.870511] systemd[1]: Created slice system-serial\x2dgetty.slice.
[[0;32m  OK  [0m] Created slice system-serial\x2dgetty.slice.
[    5.875835] systemd[1]: Listening on udev Kernel Socket.
[[0;32m  OK  [0m] Listening on udev Kernel Socket.
[    5.881297] systemd[1]: Starting Nameserver information manager...
         Starting Nameserver information manager...
[    5.883929] systemd[1]: Listening on LVM2 poll daemon socket.
[[0;32m  OK  [0m] Listening on LVM2 poll daemon socket.
[    5.890225] systemd[1]: Starting Monitoring of LVM2 mirrors, snapshots etc. using dmeventd or progress polling...
         Starting Monitoring of LVM2 mirrors... dmeventd or progress polling...
[    5.900282] systemd[1]: Listening on /dev/initctl Compatibility Named Pipe.
[    5.907108] Loading iSCSI transport class v2.0-870.
[[0;32m  OK  [0m] Listening on /dev/initctl Compatibility Named Pipe.
[    5.910163] systemd[1]: Reached target Encrypted Volumes.
[[0;32m  OK  [0m] Reached target Encrypted Volumes.
[    5.913354] systemd[1]: Listening on fsck to fsckd communication Socket.
[[0;32m  OK  [0m] Listening on fsck to fsckd communication Socket.
[    5.919683] systemd[1]: Starting File System Check on Root Device...
         Starting File System Check on Root Device...
[    5.923689] systemd[1]: Reached target System Time Synchronized.
[[0;32m  OK  [0m] Reached target System Time Synchronized.
[    5.927634] systemd[1]: Starting Journal Service...
         Starting Journal Service...[    5.929557] random: nonblocking pool is initialized

[    5.946911] systemd[1]: Mounted Huge Pages File System.
[[0;32m  OK  [0m] Mounted Huge Pages File System.
[    5.951111] systemd[1]: Mounted POSIX Message Queue File System.
[[0;32m  OK  [0m] Mounted POSIX Message Queue File System.
[    5.958203] systemd[1]: Mounted Debug File System.
[[0;32m  OK  [0m] Mounted Debug File System.
[    5.962241] systemd[1]: Started Create list of required static device nodes for the current kernel.
[[0;32m  OK  [0m] Started Create list of required sta...ce nodes for the current kernel.
[    5.968097] iscsi: registered transport (tcp)
[    5.970074] systemd[1]: Started Uncomplicated firewall.
[[0;32m  OK  [0m] Started Uncomplicated firewall.
[    5.976841] systemd[1]: Started File System Check Daemon to report status.
[[0;32m  OK  [0m] Started File System Check Daemon to report status.
[    5.989316] systemd[1]: Starting Create Static Device Nodes in /dev...
         Starting Create Static Device Nodes in /dev...
[    6.000228] systemd[1]: Started LVM2 metadata daemon.
[[0;32m  OK  [0m] Started LVM2 metadata daemon.
[    6.014030] systemd[1]: Started Nameserver information manager.
[[0;32m  OK  [0m] Started Nameserver information manager.
[    6.057607] systemd[1]: Started File System Check on Root Device.
[[0;32m  OK  [0m] Started File System Check on Root Device.
[    6.062325] systemd[1]: Starting Remount Root and Kernel File Systems...
         Starting Remount Root and Kernel File Systems...
[    6.074524] systemd[1]: Started Set console keymap.
[[0;32m  OK  [0m] Started Set console keymap.
[    6.082242] systemd[1]: Started Journal Service.
[[0;32m  OK  [0m] Started Journal Service.
[    6.090431] EXT4-fs (sda1): re-mounted. Opts: (null)
[[0;32m  OK  [0m] Started Remount Root and Kernel File Systems.
         Starting Flush Journal to Persistent Storage...
         Starting udev Coldplug all Devices...
         Starting Load/Save Random Seed...
[[0;32m  OK  [0m] Started Load/Save Random Seed.
[    6.142128] systemd-journald[406]: Received request to flush runtime journal from PID 1
[[0;32m  OK  [0m] Started Create Static Device Nodes in /dev.
         Starting udev Kernel Device Manager...
[[0;32m  OK  [0m] Started Flush Journal to Persistent Storage.
[    6.170133] iscsi: registered transport (iser)
[[0;32m  OK  [0m] Started Load Kernel Modules.
         Mounting FUSE Control File System...
         Starting Apply Kernel Variables...
[[0;32m  OK  [0m] Mounted FUSE Control File System.
[[0;32m  OK  [0m] Started Apply Kernel Variables.
[[0;32m  OK  [0m] Started udev Coldplug all Devices.
[[0;32m  OK  [0m] Started udev Kernel Device Manager.
[[0;32m  OK  [0m] Started Dispatch Password Requests to Console Directory Watch.
[[0;32m  OK  [0m] Found device /dev/ttyS0.
[[0;32m  OK  [0m] Started Monitoring of LVM2 mirrors,...ng dmeventd or progress polling.
[[0;32m  OK  [0m] Reached target Local File Systems (Pre).
[[0;32m  OK  [0m] Reached target Local File Systems.
         Starting Initial cloud-init job (pre-networking)...
         Starting Tell Plymouth To Write Out Runtime Data...
         Starting Set console font and keymap...
         Starting LSB: AppArmor initialization...
         Starting Create Volatile Files and Directories...
[[0;32m  OK  [0m] Started Tell Plymouth To Write Out Runtime Data.
[[0;32m  OK  [0m] Listening on Load/Save RF Kill Switch Status /dev/rfkill Watch.
[[0;32m  OK  [0m] Started Create Volatile Files and Directories.
         Starting Update UTMP about System Boot/Shutdown...
[[0;32m  OK  [0m] Started Update UTMP about System Boot/Shutdown.
[[0;32m  OK  [0m] Started LSB: AppArmor initialization.
[[0;32m  OK  [0m] Found device 82540EM Gigabit Ethern...r (PRO/1000 MT Desktop Adapter).
[[0;32m  OK  [0m] Found device 82540EM Gigabit Ethern...r (PRO/1000 MT Desktop Adapter).
         Starting Load AppArmor profiles managed internally by snapd...
[[0;32m  OK  [0m] Started Load AppArmor profiles managed internally by snapd.
[[0;32m  OK  [0m] Started Set console font and keymap.
[[0;32m  OK  [0m] Created slice system-getty.slice.
[    8.468143] cloud-init[539]: Cloud-init v. 21.1-19-gbad84ad4-0ubuntu1~16.04.2 running 'init-local' at Sun, 13 Nov 2022 13:29:50 +0000. Up 8.07 seconds.
[[0;32m  OK  [0m] Started Initial cloud-init job (pre-networking).
[[0;32m  OK  [0m] Reached target Network (Pre).
         Starting Raise network interfaces...
[[0;32m  OK  [0m] Started ifup for enp0s3.
[[0;32m  OK  [0m] Started ifup for enp0s8.
[[0;32m  OK  [0m] Started Raise network interfaces.
[[0;32m  OK  [0m] Reached target Network.
         Starting Initial cloud-init job (metadata service crawler)...
[    9.414853] cloud-init[1105]: Cloud-init v. 21.1-19-gbad84ad4-0ubuntu1~16.04.2 running 'init' at Sun, 13 Nov 2022 13:29:51 +0000. Up 9.08 seconds.
[    9.420586] cloud-init[1105]: ci-info: ++++++++++++++++++++++++++++++++++++++Net device info+++++++++++++++++++++++++++++++++++++++
[    9.422941] cloud-init[1105]: ci-info: +--------+------+-----------------------------+---------------+--------+-------------------+
[    9.425248] cloud-init[1105]: ci-info: | Device |  Up  |           Address           |      Mask     | Scope  |     Hw-Address    |
[    9.426772] cloud-init[1105]: ci-info: +--------+------+-----------------------------+---------------+--------+-------------------+
[    9.428327] cloud-init[1105]: ci-info: | enp0s3 | True |          10.0.2.15          | 255.255.255.0 | global | 02:be:82:6b:cc:1d |
[    9.429639] cloud-init[1105]: ci-info: | enp0s3 | True |  fe80::be:82ff:fe6b:cc1d/64 |       .       |  link  | 02:be:82:6b:cc:1d |
[    9.432587] cloud-init[1105]: ci-info: | enp0s8 | True |         172.31.0.102        | 255.255.255.0 | global | 08:00:27:ac:44:9c |
[    9.434130] cloud-init[1105]: ci-info: | enp0s8 | True | fe80::a00:27ff:feac:449c/64 |       .       |  link  | 08:00:27:ac:44:9c |
[    9.440833] cloud-init[1105]: ci-info: |   lo   | True |          127.0.0.1          |   255.0.0.0   |  host  |         .         |
[    9.448444] cloud-init[1105]: ci-info: |   lo   | True |           ::1/128           |       .       |  host  |         .         |
[    9.449533] cloud-init[1105]: ci-info: +--------+------+-----------------------------+---------------+--------+-------------------+
[    9.450752] cloud-init[1105]: ci-info: +++++++++++++++++++++++++++Route IPv4 info++++++++++++++++++++++++++++
[    9.451842] cloud-init[1105]: ci-info: +-------+-------------+----------+---------------+-----------+-------+
[    9.456566] cloud-init[1105]: ci-info: | Route | Destination | Gateway  |    Genmask    | Interface | Flags |
[    9.464481] cloud-init[1105]: ci-info: +-------+-------------+----------+---------------+-----------+-------+
[    9.465760] cloud-init[1105]: ci-info: |   0   |   0.0.0.0   | 10.0.2.2 |    0.0.0.0    |   enp0s3  |   UG  |
[    9.466955] cloud-init[1105]: ci-info: |   1   |   10.0.2.0  | 0.0.0.0  | 255.255.255.0 |   enp0s3  |   U   |
[    9.468602] cloud-init[1105]: ci-info: |   2   |  172.31.0.0 | 0.0.0.0  | 255.255.255.0 |   enp0s8  |   U   |
[    9.469886] cloud-init[1105]: ci-info: +-------+-------------+----------+---------------+-----------+-------+
[    9.472332] cloud-init[1105]: ci-info: +++++++++++++++++++Route IPv6 info+++++++++++++++++++
[    9.480738] cloud-init[1105]: ci-info: +-------+-------------+---------+-----------+-------+
[    9.488848] cloud-init[1105]: ci-info: | Route | Destination | Gateway | Interface | Flags |
[    9.490001] cloud-init[1105]: ci-info: +-------+-------------+---------+-----------+-------+
[    9.496659] cloud-init[1105]: ci-info: |   0   |  fe80::/64  |    ::   |   enp0s8  |   U   |
[    9.498070] cloud-init[1105]: ci-info: |   1   |  fe80::/64  |    ::   |   enp0s3  |   U   |
[    9.504549] cloud-init[1105]: ci-info: |   4   |   ff00::/8  |    ::   |   enp0s8  |   U   |
[    9.505758] cloud-init[1105]: ci-info: |   5   |   ff00::/8  |    ::   |   enp0s3  |   U   |
[    9.512467] cloud-init[1105]: ci-info: +-------+-------------+---------+-----------+-------+
[[0;32m  OK  [0m] Started Initial cloud-init job (metadata service crawler).
[[0;32m  OK  [0m] Reached target System Initialization.
[[0;32m  OK  [0m] Listening on UUID daemon activation socket.
[[0;32m  OK  [0m] Listening on ACPID Listen Socket.
[[0;32m  OK  [0m] Started ACPI Events Check.
[[0;32m  OK  [0m] Reached target Paths.
[[0;32m  OK  [0m] Started Daily Cleanup of Temporary Directories.
[[0;32m  OK  [0m] Started Message of the Day.
[[0;32m  OK  [0m] Started Daily apt download activities.
         Starting LXD - unix socket.
         Starting Socket activation for snappy daemon.
[[0;32m  OK  [0m] Listening on D-Bus System Message Bus Socket.
[[0;32m  OK  [0m] Started Ubuntu Advantage update messaging.
[[0;32m  OK  [0m] Started Daily apt upgrade and clean activities.
[[0;32m  OK  [0m] Reached target Timers.
[[0;32m  OK  [0m] Reached target Network is Online.
         Starting iSCSI initiator daemon (iscsid)...
[[0;32m  OK  [0m] Reached target Cloud-config availability.
[[0;32m  OK  [0m] Listening on LXD - unix socket.
[[0;32m  OK  [0m] Listening on Socket activation for snappy daemon.
[[0;32m  OK  [0m] Reached target Sockets.
[[0;32m  OK  [0m] Reached target Basic System.
         Starting System Logging Service...
[[0;32m  OK  [0m] Started FUSE filesystem for LXC.
         Starting LXD - container startup/shutdown...
         Starting Virtualbox guest utils...
         Starting OpenBSD Secure Shell server...
[[0;32m  OK  [0m] Started ACPI event daemon.
         Starting LSB: MD monitoring daemon...
         Starting Login Service...
         Starting LSB: Record successful boot for GRUB...
         Starting /etc/rc.local Compatibility...
         Starting Accounts Service...
[[0;32m  OK  [0m] Started Regular background program processing daemon.
         Starting Snap Daemon...
[[0;32m  OK  [0m] Started D-Bus System Message Bus.
[[0;32m  OK  [0m] Started Deferred execution scheduler.
[[0;32m  OK  [0m] Started System Logging Service.
[[0;32m  OK  [0m] Started iSCSI initiator daemon (iscsid).
[[0;32m  OK  [0m] Started /etc/rc.local Compatibility.
         Starting Login to default iSCSI targets...
[[0;32m  OK  [0m] Started Login Service.
[[0;32m  OK  [0m] Started Unattended Upgrades Shutdown.
[[0;32m  OK  [0m] Started LSB: Record successful boot for GRUB.
[[0;32m  OK  [0m] Started Login to default iSCSI targets.
[[0;32m  OK  [0m] Reached target Remote File Systems (Pre).
         Mounting /vagrant...
[[0;1;31mFAILED[0m] Failed to mount /vagrant.
See 'systemctl status vagrant.mount' for details.
[[0;1;33mDEPEND[0m] Dependency failed for Remote File Systems.
         Starting Authenticate and Authorize Users to Run Privileged Tasks...
         Starting LSB: Set the CPU Frequency Scaling governor to "ondemand"...
         Starting Permit User Sessions...
         Starting LSB: daemon to balance interrupts for SMP systems...
         Starting LSB: automatic crash report generation...
[[0;32m  OK  [0m] Started Permit User Sessions.
         Starting Terminate Plymouth Boot Screen...
         Starting Hold until boot process finishes up...
[[0;32m  OK  [0m] Started Hold until boot process finishes up.
[[0;32m  OK  [0m] Started Getty on tty1.
[[0;32m  OK  [0m] Started Serial Getty on ttyS0.
[[0;32m  OK  [0m] Reached target Login Prompts.
         Starting Set console scheme...
[[0;32m  OK  [0m] Started LSB: MD monitoring daemon.
[[0;32m  OK  [0m] Started Terminate Plymouth Boot Screen.
[[0;32m  OK  [0m] Started Set console scheme.
[[0;32m  OK  [0m] Started LSB: Set the CPU Frequency Scaling governor to "ondemand".
[[0;32m  OK  [0m] Started OpenBSD Secure Shell server.
[[0;32m  OK  [0m] Started Authenticate and Authorize Users to Run Privileged Tasks.
[[0;32m  OK  [0m] Started LSB: daemon to balance interrupts for SMP systems.
[[0;32m  OK  [0m] Started Accounts Service.
[[0;32m  OK  [0m] Started LXD - container startup/shutdown.
[[0;32m  OK  [0m] Started LSB: automatic crash report generation.
[[0;32m  OK  [0m] Started Virtualbox guest utils.
[[0;32m  OK  [0m] Started Snap Daemon.
         Starting Wait until snapd is fully seeded...
[[0;32m  OK  [0m] Started Wait until snapd is fully seeded.
         Starting Apply the settings specified in cloud-config...
[[0;32m  OK  [0m] Reached target Multi-User System.
[[0;32m  OK  [0m] Reached target Graphical Interface.
         Starting Update UTMP about System Runlevel Changes...
[[0;32m  OK  [0m] Started Update UTMP about System Runlevel Changes.
[   10.973484] cloud-init[1375]: Cloud-init v. 21.1-19-gbad84ad4-0ubuntu1~16.04.2 running 'modules:config' at Sun, 13 Nov 2022 13:29:53 +0000. Up 10.80 seconds.
[[0;32m  OK  [0m] Started Apply the settings specified in cloud-config.
         Starting Execute cloud user/final scripts...
[[0;32m  OK  [0m] Created slice User Slice of vagrant.
         Starting User Manager for UID 1000...
[[0;32m  OK  [0m] Started Session 1 of user vagrant.
[[0;32m  OK  [0m] Started User Manager for UID 1000.
[   11.717957] cloud-init[1390]: Cloud-init v. 21.1-19-gbad84ad4-0ubuntu1~16.04.2 running 'modules:final' at Sun, 13 Nov 2022 13:29:54 +0000. Up 11.49 seconds.
[   11.724603] cloud-init[1390]: Cloud-init v. 21.1-19-gbad84ad4-0ubuntu1~16.04.2 finished at Sun, 13 Nov 2022 13:29:54 +0000. Datasource DataSourceNoCloud [seed=/dev/sdb][dsmode=net].  Up 11.71 seconds
[[0;32m  OK  [0m] Started Execute cloud user/final scripts.
[[0;32m  OK  [0m] Reached target Cloud-init target.

Ubuntu 16.04.7 LTS k8s-worker2 ttyS0

k8s-worker2 login:                                                                                                       